<?xml version="1.0" encoding="UTF-8"?>
<!-- Generated by org.testng.reporters.JUnitReportReporter -->
<testsuite skipped="0" hostname="LAPTOP-1DG9OKO7" name="com.DataDrivenTest.DataProviderTest" tests="4" failures="0" timestamp="2022-03-01T12:41:07 IST" time="4.137" errors="0">
  <testcase name="dataProvider" time="3.858" classname="com.DataDrivenTest.DataProviderTest"/>
  <system-out/>
  <testcase name="dataProvider" time="0.089" classname="com.DataDrivenTest.DataProviderTest"/>
  <system-out/>
  <testcase name="dataProvider" time="0.082" classname="com.DataDrivenTest.DataProviderTest"/>
  <system-out/>
  <testcase name="dataProvider" time="0.108" classname="com.DataDrivenTest.DataProviderTest"/>
  <system-out/>
</testsuite> <!-- com.DataDrivenTest.DataProviderTest -->
