<?xml version="1.0" encoding="UTF-8"?>
<!-- Generated by org.testng.reporters.JUnitReportReporter -->
<testsuite skipped="0" hostname="LAPTOP-1DG9OKO7" name="com.rmgYantra.authorization.Oauth2Test" tests="1" failures="0" timestamp="2022-04-09T19:29:23 IST" time="8.750" errors="0">
  <testcase name="auth" time="8.750" classname="com.rmgYantra.authorization.Oauth2Test"/>
  <system-out/>
</testsuite> <!-- com.rmgYantra.authorization.Oauth2Test -->
