<?xml version="1.0" encoding="UTF-8"?>
<!-- Generated by org.testng.reporters.JUnitReportReporter -->
<testsuite skipped="0" hostname="LAPTOP-1DG9OKO7" name="com.rmgYantra.CrudOperationwithBDDfeatures.CreateNewWebResourceTest" tests="1" failures="0" timestamp="2022-02-25T12:37:09 IST" time="3.363" errors="0">
  <testcase name="createNewWebResourceTest" time="3.363" classname="com.rmgYantra.CrudOperationwithBDDfeatures.CreateNewWebResourceTest"/>
  <system-out/>
</testsuite> <!-- com.rmgYantra.CrudOperationwithBDDfeatures.CreateNewWebResourceTest -->
