<?xml version="1.0" encoding="UTF-8"?>
<!-- Generated by org.testng.reporters.JUnitReportReporter -->
<testsuite skipped="0" hostname="LAPTOP-1DG9OKO7" name="rmgYantra.CRUDoperation.PartialUpdation" tests="1" failures="0" timestamp="2022-02-24T17:48:27 IST" time="5.021" errors="0">
  <testcase name="partialUpdation" time="5.021" classname="rmgYantra.CRUDoperation.PartialUpdation"/>
  <system-out/>
</testsuite> <!-- rmgYantra.CRUDoperation.PartialUpdation -->
