<?xml version="1.0" encoding="UTF-8"?>
<!-- Generated by org.testng.reporters.JUnitReportReporter -->
<testsuite skipped="0" hostname="LAPTOP-1DG9OKO7" name="rmgYantra.CRUDoperation.DeleteWebResource" tests="1" failures="0" timestamp="2022-02-24T17:04:06 IST" time="1.772" errors="0">
  <testcase name="deleteWebResource" time="1.772" classname="rmgYantra.CRUDoperation.DeleteWebResource"/>
  <system-out/>
</testsuite> <!-- rmgYantra.CRUDoperation.DeleteWebResource -->
