<?xml version="1.0" encoding="UTF-8"?>
<!-- Generated by org.testng.reporters.JUnitReportReporter -->
<testsuite skipped="0" hostname="LAPTOP-1DG9OKO7" name="rmgYantra.CRUDoperation.CreateNewResourceTest" tests="1" failures="0" timestamp="2022-02-28T19:35:15 IST" time="4.497" errors="0">
  <testcase name="createNewResource" time="4.497" classname="rmgYantra.CRUDoperation.CreateNewResourceTest"/>
  <system-out/>
</testsuite> <!-- rmgYantra.CRUDoperation.CreateNewResourceTest -->
