<?xml version="1.0" encoding="UTF-8"?>
<!-- Generated by org.testng.reporters.JUnitReportReporter -->
<testsuite skipped="0" hostname="LAPTOP-1DG9OKO7" name="rmgYantra.CRUDoperation.GetAllWebResourceTest" tests="1" failures="0" timestamp="2022-02-24T23:34:37 IST" time="1.576" errors="0">
  <testcase name="getAllWebResource" time="1.576" classname="rmgYantra.CRUDoperation.GetAllWebResourceTest"/>
  <system-out/>
</testsuite> <!-- rmgYantra.CRUDoperation.GetAllWebResourceTest -->
