<?xml version="1.0" encoding="UTF-8"?>
<!-- Generated by org.testng.reporters.JUnitReportReporter -->
<testsuite skipped="0" hostname="LAPTOP-1DG9OKO7" name="com.rmgYantra.DifferentWayPostResource.CreateWebResourceUsingPojoClass" tests="1" failures="0" timestamp="2022-02-25T16:00:54 IST" time="3.629" errors="0">
  <testcase name="createWebResourceUsingPojoClass" time="3.629" classname="com.rmgYantra.DifferentWayPostResource.CreateWebResourceUsingPojoClass"/>
  <system-out/>
</testsuite> <!-- com.rmgYantra.DifferentWayPostResource.CreateWebResourceUsingPojoClass -->
