<?xml version="1.0" encoding="UTF-8"?>
<!-- Generated by org.testng.reporters.JUnitReportReporter -->
<testsuite skipped="0" hostname="LAPTOP-1DG9OKO7" name="com.Validations.StaticValidationInAnotherWay" tests="1" failures="0" timestamp="2022-02-28T12:09:03 IST" time="22.217" errors="0">
  <testcase name="validations" time="22.217" classname="com.Validations.StaticValidationInAnotherWay"/>
  <system-out/>
</testsuite> <!-- com.Validations.StaticValidationInAnotherWay -->
