<?xml version="1.0" encoding="UTF-8"?>
<!-- Generated by org.testng.reporters.JUnitReportReporter -->
<testsuite skipped="0" hostname="LAPTOP-1DG9OKO7" name="com.Parameters.PathParam" tests="1" failures="0" timestamp="2022-02-28T17:21:08 IST" time="1.820" errors="0">
  <testcase name="pathParam" time="1.820" classname="com.Parameters.PathParam"/>
  <system-out/>
</testsuite> <!-- com.Parameters.PathParam -->
