<?xml version="1.0" encoding="UTF-8"?>
<!-- Generated by org.testng.reporters.JUnitReportReporter -->
<testsuite skipped="0" hostname="LAPTOP-1DG9OKO7" name="rmgYantra.CRUDoperation.GetAllWebResource" tests="1" failures="0" timestamp="2022-02-24T16:17:39 IST" time="2.921" errors="0">
  <testcase name="getAllWebResource" time="2.921" classname="rmgYantra.CRUDoperation.GetAllWebResource"/>
  <system-out/>
</testsuite> <!-- rmgYantra.CRUDoperation.GetAllWebResource -->
