<?xml version="1.0" encoding="UTF-8"?>
<!-- Generated by org.testng.reporters.JUnitReportReporter -->
<testsuite skipped="0" hostname="LAPTOP-1DG9OKO7" name="com.rmgYantra.DifferentWayPostResource.CreateWebResourceUsingFile" tests="1" failures="0" timestamp="2022-02-25T16:04:33 IST" time="2.483" errors="0">
  <testcase name="createWebResourceUsingFile" time="2.483" classname="com.rmgYantra.DifferentWayPostResource.CreateWebResourceUsingFile"/>
  <system-out/>
</testsuite> <!-- com.rmgYantra.DifferentWayPostResource.CreateWebResourceUsingFile -->
