<?xml version="1.0" encoding="UTF-8"?>
<!-- Generated by org.testng.reporters.JUnitReportReporter -->
<testsuite skipped="0" hostname="LAPTOP-1DG9OKO7" name="com.rmgYantra.CrudOperationwithBDDfeatures.PartialUpdationTest" tests="1" failures="0" timestamp="2022-02-25T13:00:25 IST" time="4.947" errors="0">
  <testcase name="partialUpdationTest" time="4.947" classname="com.rmgYantra.CrudOperationwithBDDfeatures.PartialUpdationTest"/>
  <system-out/>
</testsuite> <!-- com.rmgYantra.CrudOperationwithBDDfeatures.PartialUpdationTest -->
