<?xml version="1.0" encoding="UTF-8"?>
<!-- Generated by org.testng.reporters.JUnitReportReporter -->
<testsuite skipped="0" hostname="LAPTOP-1DG9OKO7" name="com.rmgYantra.DifferentWayPostResource.CreateWebresoureUsingJsonObjectTest" tests="1" failures="0" timestamp="2022-02-25T16:01:10 IST" time="2.450" errors="0">
  <testcase name="createWebresoureUsingJsonObjectTest" time="2.450" classname="com.rmgYantra.DifferentWayPostResource.CreateWebresoureUsingJsonObjectTest"/>
  <system-out/>
</testsuite> <!-- com.rmgYantra.DifferentWayPostResource.CreateWebresoureUsingJsonObjectTest -->
