<?xml version="1.0" encoding="UTF-8"?>
<!-- Generated by org.testng.reporters.JUnitReportReporter -->
<testsuite skipped="0" hostname="LAPTOP-1DG9OKO7" name="com.rmgYantra.authorization.PreemitiveAndDigestiveTest" tests="2" failures="0" timestamp="2022-03-01T12:56:45 IST" time="2.155" errors="0">
  <testcase name="digestive" time="1.944" classname="com.rmgYantra.authorization.PreemitiveAndDigestiveTest"/>
  <system-out/>
  <testcase name="preemitive" time="0.211" classname="com.rmgYantra.authorization.PreemitiveAndDigestiveTest"/>
  <system-out/>
</testsuite> <!-- com.rmgYantra.authorization.PreemitiveAndDigestiveTest -->
