<?xml version="1.0" encoding="UTF-8"?>
<!-- Generated by org.testng.reporters.JUnitReportReporter -->
<testsuite skipped="0" hostname="LAPTOP-1DG9OKO7" name="com.rmgYantra.authorization.DatabaseAndPost" tests="1" failures="0" timestamp="2022-03-02T07:56:46 IST" time="2.391" errors="0">
  <testcase name="databaseTesting" time="2.391" classname="com.rmgYantra.authorization.DatabaseAndPost"/>
  <system-out/>
</testsuite> <!-- com.rmgYantra.authorization.DatabaseAndPost -->
