<?xml version="1.0" encoding="UTF-8"?>
<!-- Generated by org.testng.reporters.JUnitReportReporter -->
<testsuite skipped="0" hostname="LAPTOP-1DG9OKO7" name="com.rmgYantra.authorization.BearerTokenTest" tests="1" failures="0" timestamp="2022-03-01T13:01:15 IST" time="5.583" errors="0">
  <testcase name="bearerToken" time="5.583" classname="com.rmgYantra.authorization.BearerTokenTest"/>
  <system-out/>
</testsuite> <!-- com.rmgYantra.authorization.BearerTokenTest -->
