<?xml version="1.0" encoding="UTF-8"?>
<!-- Generated by org.testng.reporters.JUnitReportReporter -->
<testsuite skipped="0" hostname="LAPTOP-1DG9OKO7" name="com.calenders.CalenderAnyDateTest" tests="1" failures="0" timestamp="2022-03-26T16:56:28 IST" time="124.300" errors="0">
  <testcase name="anyDateAndMonth" time="124.300" classname="com.calenders.CalenderAnyDateTest"/>
  <system-out/>
</testsuite> <!-- com.calenders.CalenderAnyDateTest -->
