<?xml version="1.0" encoding="UTF-8"?>
<!-- Generated by org.testng.reporters.JUnitReportReporter -->
<testsuite skipped="0" hostname="LAPTOP-1DG9OKO7" name="com.rmgYantra.DifferentWayPostResource.CreateWebResourceUsingHashMap" tests="1" failures="0" timestamp="2022-02-25T16:03:59 IST" time="2.378" errors="0">
  <testcase name="createWebResourceUsingHashMap" time="2.378" classname="com.rmgYantra.DifferentWayPostResource.CreateWebResourceUsingHashMap"/>
  <system-out/>
</testsuite> <!-- com.rmgYantra.DifferentWayPostResource.CreateWebResourceUsingHashMap -->
