<?xml version="1.0" encoding="UTF-8"?>
<!-- Generated by org.testng.reporters.JUnitReportReporter -->
<testsuite skipped="0" hostname="LAPTOP-1DG9OKO7" name="com.Parameters.PathParameterAndQueryParam" tests="1" failures="0" timestamp="2022-02-28T17:16:41 IST" time="2.499" errors="0">
  <testcase name="pathParamAndQueryParam" time="2.499" classname="com.Parameters.PathParameterAndQueryParam"/>
  <system-out/>
</testsuite> <!-- com.Parameters.PathParameterAndQueryParam -->
