<?xml version="1.0" encoding="UTF-8"?>
<!-- Generated by org.testng.reporters.JUnitReportReporter -->
<testsuite skipped="0" hostname="LAPTOP-1DG9OKO7" name="com.Parameters.RequestChainingTest" tests="1" failures="0" timestamp="2022-02-28T17:31:25 IST" time="2.707" errors="0">
  <testcase name="requestChaining" time="2.707" classname="com.Parameters.RequestChainingTest"/>
  <system-out/>
</testsuite> <!-- com.Parameters.RequestChainingTest -->
