<?xml version="1.0" encoding="UTF-8"?>
<!-- Generated by org.testng.reporters.JUnitReportReporter -->
<testsuite skipped="0" hostname="LAPTOP-1DG9OKO7" name="com.Validations.StaticValidationUsingJsonPathTest" tests="1" failures="0" timestamp="2022-02-28T12:27:48 IST" time="2.956" errors="0">
  <testcase name="validationUsingJsonPath" time="2.956" classname="com.Validations.StaticValidationUsingJsonPathTest"/>
  <system-out/>
</testsuite> <!-- com.Validations.StaticValidationUsingJsonPathTest -->
