<?xml version="1.0" encoding="UTF-8"?>
<!-- Generated by org.testng.reporters.JUnitReportReporter -->
<testsuite skipped="0" hostname="LAPTOP-1DG9OKO7" name="rmgYantra.CRUDoperation.UserModule" tests="1" failures="0" timestamp="2022-02-28T21:09:12 IST" time="2.369" errors="0">
  <testcase name="post" time="2.369" classname="rmgYantra.CRUDoperation.UserModule"/>
  <system-out/>
</testsuite> <!-- rmgYantra.CRUDoperation.UserModule -->
