<?xml version="1.0" encoding="UTF-8"?>
<!-- Generated by org.testng.reporters.JUnitReportReporter -->
<testsuite skipped="0" hostname="LAPTOP-1DG9OKO7" name="com.calenders.CalenderTommorDateTest" tests="1" failures="0" timestamp="2022-03-27T21:32:45 IST" time="9.245" errors="0">
  <testcase name="tommorowDate" time="9.245" classname="com.calenders.CalenderTommorDateTest"/>
  <system-out/>
</testsuite> <!-- com.calenders.CalenderTommorDateTest -->
