<?xml version="1.0" encoding="UTF-8"?>
<!-- Generated by org.testng.reporters.JUnitReportReporter -->
<testsuite skipped="0" hostname="LAPTOP-1DG9OKO7" name="com.rmgYantra.CrudOperationwithBDDfeatures.DeleteResourceTest" tests="1" failures="0" timestamp="2022-02-25T13:04:25 IST" time="2.010" errors="0">
  <testcase name="deleteResourceTest" time="2.010" classname="com.rmgYantra.CrudOperationwithBDDfeatures.DeleteResourceTest"/>
  <system-out/>
</testsuite> <!-- com.rmgYantra.CrudOperationwithBDDfeatures.DeleteResourceTest -->
