<?xml version="1.0" encoding="UTF-8"?>
<!-- Generated by org.testng.reporters.JUnitReportReporter -->
<testsuite skipped="0" hostname="LAPTOP-1DG9OKO7" name="com.calenders.CalenderPopupsTest" tests="1" failures="0" timestamp="2022-03-02T13:22:13 IST" time="13.637" errors="0">
  <testcase name="calender" time="13.637" classname="com.calenders.CalenderPopupsTest"/>
  <system-out/>
</testsuite> <!-- com.calenders.CalenderPopupsTest -->
