<?xml version="1.0" encoding="UTF-8"?>
<!-- Generated by org.testng.reporters.JUnitReportReporter -->
<testsuite skipped="0" hostname="LAPTOP-1DG9OKO7" name="com.rmgYantra.authorization.BasicAuthTest" tests="1" failures="0" timestamp="2022-03-01T12:47:18 IST" time="2.778" errors="0">
  <testcase name="basicAuth" time="2.778" classname="com.rmgYantra.authorization.BasicAuthTest"/>
  <system-out/>
</testsuite> <!-- com.rmgYantra.authorization.BasicAuthTest -->
