<?xml version="1.0" encoding="UTF-8"?>
<!-- Generated by org.testng.reporters.JUnitReportReporter -->
<testsuite skipped="0" hostname="LAPTOP-1DG9OKO7" name="com.rmgYantra.authorization.Aauth2_0" tests="1" failures="0" timestamp="2022-03-01T16:29:44 IST" time="3.686" errors="0">
  <testcase name="auth" time="3.686" classname="com.rmgYantra.authorization.Aauth2_0"/>
  <system-out/>
</testsuite> <!-- com.rmgYantra.authorization.Aauth2_0 -->
