<?xml version="1.0" encoding="UTF-8"?>
<!-- Generated by org.testng.reporters.JUnitReportReporter -->
<testsuite skipped="0" hostname="LAPTOP-1DG9OKO7" name="rmgYantra.CRUDoperation.ModifyWebresource" tests="1" failures="0" timestamp="2022-02-24T16:56:10 IST" time="1.894" errors="0">
  <testcase name="modifyWebresource" time="1.894" classname="rmgYantra.CRUDoperation.ModifyWebresource"/>
  <system-out/>
</testsuite> <!-- rmgYantra.CRUDoperation.ModifyWebresource -->
