<?xml version="1.0" encoding="UTF-8"?>
<!-- Generated by org.testng.reporters.JUnitReportReporter -->
<testsuite skipped="0" hostname="LAPTOP-1DG9OKO7" name="com.rmgYantra.CrudOperationwithBDDfeatures.GetAllTheDataTest" tests="1" failures="0" timestamp="2022-02-28T17:27:04 IST" time="2.183" errors="0">
  <testcase name="getAllTheData" time="2.183" classname="com.rmgYantra.CrudOperationwithBDDfeatures.GetAllTheDataTest"/>
  <system-out/>
</testsuite> <!-- com.rmgYantra.CrudOperationwithBDDfeatures.GetAllTheDataTest -->
