<?xml version="1.0" encoding="UTF-8"?>
<!-- Generated by org.testng.reporters.JUnitReportReporter -->
<testsuite skipped="0" hostname="LAPTOP-1DG9OKO7" name="com.DataDrivenTest.DatabaseAndPostTest" tests="1" failures="0" timestamp="2022-03-03T23:10:38 IST" time="2.428" errors="0">
  <testcase name="databaseTesting" time="2.428" classname="com.DataDrivenTest.DatabaseAndPostTest"/>
  <system-out/>
</testsuite> <!-- com.DataDrivenTest.DatabaseAndPostTest -->
